Build started 20.03.2019 15:54:37.
     1>Project "C:\Users\Kasia\Documents\Visual Studio 2010\Projects\JAApp\JADII\JADII.vcxproj" on node 2 (build target(s)).
     1>InitializeBuildStatus:
         Touching "Debug\JADll.unsuccessfulbuild".
       _MASM:
         Assembling [Inputs]...
         cmd.exe /C "C:\Users\Kasia\AppData\Local\Temp\tmp2aa6e36269204ed8b41f74549e4a6163.cmd"
         ml.exe /c /nologo /Zi /Fo"Debug\mojadll.obj" /W3 /errorReport:prompt  /Tamojadll.asm
     1>mojadll.asm(13): warning A6004: procedure argument or local not referenced : hInstDLL
     1>mojadll.asm(13): warning A6004: procedure argument or local not referenced : reason
     1>mojadll.asm(13): warning A6004: procedure argument or local not referenced : reserved1
       ManifestResourceCompile:
         All outputs are up-to-date.
       Link:
         C:\Program Files (x86)\Microsoft Visual Studio 10.0\VC\bin\link.exe /ERRORREPORT:PROMPT /OUT:"C:\Users\Kasia\Documents\Visual Studio 2010\Projects\JAApp\Debug\JADll.dll" /INCREMENTAL /NOLOGO kernel32.lib user32.lib gdi32.lib winspool.lib comdlg32.lib advapi32.lib shell32.lib ole32.lib oleaut32.lib uuid.lib odbc32.lib odbccp32.lib /DEF:"mojadll.def" /MANIFEST /ManifestFile:"Debug\JADll.dll.intermediate.manifest" /MANIFESTUAC:"level='asInvoker' uiAccess='false'" /DEBUG /PDB:"C:\Users\Kasia\Documents\Visual Studio 2010\Projects\JAApp\Debug\JADll.pdb" /SUBSYSTEM:WINDOWS /TLBID:1 /DYNAMICBASE /NXCOMPAT /IMPLIB:"C:\Users\Kasia\Documents\Visual Studio 2010\Projects\JAApp\Debug\JADll.lib" /MACHINE:X86 /DLL Debug\JADll.dll.embed.manifest.res
         Debug\mojadll.obj
     1>mojadll.def(4): warning LNK4017: LIBRARY statement not supported for the target platform; ignored
            Creating library C:\Users\Kasia\Documents\Visual Studio 2010\Projects\JAApp\Debug\JADll.lib and object C:\Users\Kasia\Documents\Visual Studio 2010\Projects\JAApp\Debug\JADll.exp
       Manifest:
         C:\Program Files (x86)\Microsoft SDKs\Windows\v7.0A\bin\mt.exe /nologo /verbose /out:"Debug\JADll.dll.embed.manifest" /manifest Debug\JADll.dll.intermediate.manifest
         All outputs are up-to-date.
       LinkEmbedManifest:
         All outputs are up-to-date.
         JADII.vcxproj -> C:\Users\Kasia\Documents\Visual Studio 2010\Projects\JAApp\Debug\JADll.dll
       FinalizeBuildStatus:
         Deleting file "Debug\JADll.unsuccessfulbuild".
         Touching "Debug\JADll.lastbuildstate".
     1>Done Building Project "C:\Users\Kasia\Documents\Visual Studio 2010\Projects\JAApp\JADII\JADII.vcxproj" (build target(s)).

Build succeeded.

Time Elapsed 00:00:01.12
