C:\DOCUMENTS AND SETTINGS\LAB_BSK\MOJE DOKUMENTY\VISUAL STUDIO 2010\PROJECTS\JAAPP\DEBUG\JADLL.DLL
c:\documents and settings\lab_bsk\moje dokumenty\visual studio 2010\Projects\JAApp\Debug\JADll.exp
C:\DOCUMENTS AND SETTINGS\LAB_BSK\MOJE DOKUMENTY\VISUAL STUDIO 2010\PROJECTS\JAAPP\DEBUG\JADLL.ILK
c:\documents and settings\lab_bsk\moje dokumenty\visual studio 2010\Projects\JAApp\Debug\JADll.lib
C:\DOCUMENTS AND SETTINGS\LAB_BSK\MOJE DOKUMENTY\VISUAL STUDIO 2010\PROJECTS\JAAPP\DEBUG\JADLL.PDB
C:\DOCUMENTS AND SETTINGS\LAB_BSK\MOJE DOKUMENTY\VISUAL STUDIO 2010\PROJECTS\JAAPP\JADII\DEBUG\JADLL.DLL.EMBED.MANIFEST
C:\DOCUMENTS AND SETTINGS\LAB_BSK\MOJE DOKUMENTY\VISUAL STUDIO 2010\PROJECTS\JAAPP\JADII\DEBUG\JADLL.DLL.EMBED.MANIFEST.RES
C:\DOCUMENTS AND SETTINGS\LAB_BSK\MOJE DOKUMENTY\VISUAL STUDIO 2010\PROJECTS\JAAPP\JADII\DEBUG\JADLL.DLL.INTERMEDIATE.MANIFEST
c:\documents and settings\lab_bsk\moje dokumenty\visual studio 2010\Projects\JAApp\JADII\Debug\JADll.write.1.tlog
c:\documents and settings\lab_bsk\moje dokumenty\visual studio 2010\Projects\JAApp\JADII\Debug\JADll_manifest.rc
c:\documents and settings\lab_bsk\moje dokumenty\visual studio 2010\Projects\JAApp\JADII\Debug\link.command.1.tlog
c:\documents and settings\lab_bsk\moje dokumenty\visual studio 2010\Projects\JAApp\JADII\Debug\link.read.1.tlog
c:\documents and settings\lab_bsk\moje dokumenty\visual studio 2010\Projects\JAApp\JADII\Debug\link.write.1.tlog
c:\documents and settings\lab_bsk\moje dokumenty\visual studio 2010\Projects\JAApp\JADII\Debug\link-cvtres.read.1.tlog
c:\documents and settings\lab_bsk\moje dokumenty\visual studio 2010\Projects\JAApp\JADII\Debug\link-cvtres.write.1.tlog
c:\documents and settings\lab_bsk\moje dokumenty\visual studio 2010\Projects\JAApp\JADII\Debug\mojadll.obj
c:\documents and settings\lab_bsk\moje dokumenty\visual studio 2010\Projects\JAApp\JADII\Debug\mt.command.1.tlog
c:\documents and settings\lab_bsk\moje dokumenty\visual studio 2010\Projects\JAApp\JADII\Debug\mt.read.1.tlog
c:\documents and settings\lab_bsk\moje dokumenty\visual studio 2010\Projects\JAApp\JADII\Debug\mt.write.1.tlog
c:\documents and settings\lab_bsk\moje dokumenty\visual studio 2010\Projects\JAApp\JADII\Debug\rc.command.1.tlog
c:\documents and settings\lab_bsk\moje dokumenty\visual studio 2010\Projects\JAApp\JADII\Debug\rc.read.1.tlog
c:\documents and settings\lab_bsk\moje dokumenty\visual studio 2010\Projects\JAApp\JADII\Debug\rc.write.1.tlog
