Build started 2019-04-04 04:59:47.
     1>Project "D:\JArepo\JAApp\JAApp\JAApp.vcxproj" on node 2 (rebuild target(s)).
     1>_PrepareForClean:
         Deleting file "Debug\JAApp.lastbuildstate".
       InitializeBuildStatus:
         Creating "Debug\JAApp.unsuccessfulbuild" because "AlwaysCreate" was specified.
       ClCompile:
         D:\Microsoft Visual Studio 10.0\VC\bin\CL.exe /c /ZI /nologo /W3 /WX- /Od /Oy- /D WIN32 /D _DEBUG /D _CONSOLE /D _UNICODE /D UNICODE /Gm /EHsc /RTC1 /MDd /GS /fp:precise /Zc:wchar_t /Zc:forScope /Yc"StdAfx.h" /Fp"Debug\JAApp.pch" /Fo"Debug\\" /Fd"Debug\vc100.pdb" /Gd /TP /analyze- /errorReport:prompt stdafx.cpp
         stdafx.cpp
         D:\Microsoft Visual Studio 10.0\VC\bin\CL.exe /c /ZI /nologo /W3 /WX- /Od /Oy- /D WIN32 /D _DEBUG /D _CONSOLE /D _UNICODE /D UNICODE /Gm /EHsc /RTC1 /MDd /GS /fp:precise /Zc:wchar_t /Zc:forScope /Yu"StdAfx.h" /Fp"Debug\JAApp.pch" /Fo"Debug\\" /Fd"Debug\vc100.pdb" /Gd /TP /analyze- /errorReport:prompt JAApp.cpp
         JAApp.cpp
     1>d:\jarepo\jaapp\jaapp\jaapp.cpp(9): warning C4309: 'initializing' : truncation of constant value
       ManifestResourceCompile:
         C:\Program Files (x86)\Microsoft SDKs\Windows\v7.0A\bin\rc.exe /nologo /fo"Debug\JAApp.exe.embed.manifest.res" Debug\JAApp_manifest.rc 
       Link:
         D:\Microsoft Visual Studio 10.0\VC\bin\link.exe /ERRORREPORT:PROMPT /OUT:"D:\JArepo\JAApp\Debug\JAApp.exe" /INCREMENTAL /NOLOGO kernel32.lib user32.lib gdi32.lib winspool.lib comdlg32.lib advapi32.lib shell32.lib ole32.lib oleaut32.lib uuid.lib odbc32.lib odbccp32.lib kernel32.lib user32.lib gdi32.lib winspool.lib comdlg32.lib advapi32.lib shell32.lib ole32.lib oleaut32.lib uuid.lib odbc32.lib odbccp32.lib /MANIFEST /ManifestFile:"Debug\JAApp.exe.intermediate.manifest" /MANIFESTUAC:"level='asInvoker' uiAccess='false'" /DEBUG /PDB:"D:\JArepo\JAApp\Debug\JAApp.pdb" /SUBSYSTEM:CONSOLE /TLBID:1 /DYNAMICBASE /NXCOMPAT /IMPLIB:"D:\JArepo\JAApp\Debug\JAApp.lib" /MACHINE:X86 Debug\JAApp.exe.embed.manifest.res
         Debug\JAApp.obj
         Debug\stdafx.obj
         D:\JArepo\JAApp\Debug\JADll.lib
       Manifest:
         Deleting file "Debug\JAApp.exe.embed.manifest".
         C:\Program Files (x86)\Microsoft SDKs\Windows\v7.0A\bin\mt.exe /nologo /verbose /out:"Debug\JAApp.exe.embed.manifest" /manifest Debug\JAApp.exe.intermediate.manifest
         C:\Program Files (x86)\Microsoft SDKs\Windows\v7.0A\bin\rc.exe /nologo /fo"Debug\JAApp.exe.embed.manifest.res" Debug\JAApp_manifest.rc 
       LinkEmbedManifest:
         D:\Microsoft Visual Studio 10.0\VC\bin\link.exe /ERRORREPORT:PROMPT /OUT:"D:\JArepo\JAApp\Debug\JAApp.exe" /INCREMENTAL /NOLOGO kernel32.lib user32.lib gdi32.lib winspool.lib comdlg32.lib advapi32.lib shell32.lib ole32.lib oleaut32.lib uuid.lib odbc32.lib odbccp32.lib kernel32.lib user32.lib gdi32.lib winspool.lib comdlg32.lib advapi32.lib shell32.lib ole32.lib oleaut32.lib uuid.lib odbc32.lib odbccp32.lib /MANIFEST /ManifestFile:"Debug\JAApp.exe.intermediate.manifest" /MANIFESTUAC:"level='asInvoker' uiAccess='false'" /DEBUG /PDB:"D:\JArepo\JAApp\Debug\JAApp.pdb" /SUBSYSTEM:CONSOLE /TLBID:1 /DYNAMICBASE /NXCOMPAT /IMPLIB:"D:\JArepo\JAApp\Debug\JAApp.lib" /MACHINE:X86 Debug\JAApp.exe.embed.manifest.res
         Debug\JAApp.obj
         Debug\stdafx.obj
         D:\JArepo\JAApp\Debug\JADll.lib
         JAApp.vcxproj -> D:\JArepo\JAApp\Debug\JAApp.exe
       FinalizeBuildStatus:
         Deleting file "Debug\JAApp.unsuccessfulbuild".
         Touching "Debug\JAApp.lastbuildstate".
     1>Done Building Project "D:\JArepo\JAApp\JAApp\JAApp.vcxproj" (rebuild target(s)).

Build succeeded.

Time Elapsed 00:00:01.56
